[2016-11-24 11:20:41.9616] 
客户机IP:::1
错误地址:http://localhost:40608/
异常信息:文件不存在。 
[2016-11-24 11:20:49.4201] 
客户机IP:::1
错误地址:http://localhost:40608/admin/
异常信息:文件不存在。 
[2016-11-24 11:20:52.4642] 
客户机IP:::1
错误地址:http://localhost:40608/admin/
异常信息:文件不存在。 
[2016-11-24 11:21:08.0571] 
客户机IP:::1
错误地址:http://localhost:40608/
异常信息:文件不存在。 
[2016-11-24 11:24:40.3833] 
客户机IP:::1
错误地址:http://localhost:40608/
异常信息:文件不存在。 
[2016-11-24 11:25:12.1041] 
客户机IP:::1
错误地址:http://localhost:40608/favicon.ico
异常信息:文件不存在。 
[2016-11-24 11:25:12.1041] 
客户机IP:::1
错误地址:http://localhost:40608/favicon.ico
异常信息:文件不存在。 
[2016-11-24 11:25:39.3156] 
客户机IP:::1
错误地址:http://localhost:40608/aspx/main/goods.aspx
异常信息:文件“/aspx/main/goods.aspx”不存在。 
[2016-11-24 12:08:24.4777] 
客户机IP:::1
错误地址:http://localhost:40608/
异常信息:文件不存在。 
[2016-11-24 13:05:25.6604] 
客户机IP:::1
错误地址:http://localhost:40608/plugins/qqonline/skin/qqonline.css
异常信息:文件不存在。 
[2016-11-24 13:24:27.8367] 
客户机IP:::1
错误地址:http://localhost:40608/
异常信息:文件不存在。 
[2016-11-24 13:24:29.1638] 
客户机IP:::1
错误地址:http://localhost:40608/admin/
异常信息:文件不存在。 
[2016-11-24 13:36:58.4607] 
客户机IP:::1
错误地址:http://localhost:40608/upload/201611/01/201611012306355443.png
异常信息:文件不存在。 
[2016-11-24 13:37:52.5928] 
客户机IP:::1
错误地址:http://localhost:40608/upload/201611/01/201611012306355443.png
异常信息:文件不存在。 
[2016-11-24 13:37:53.2708] 
客户机IP:::1
错误地址:http://localhost:40608/upload/201611/01/201611012306355443.png
异常信息:文件不存在。 
[2016-11-24 13:37:53.3678] 
客户机IP:::1
错误地址:http://localhost:40608/upload/201611/01/201611012306355443.png
异常信息:文件不存在。 
[2016-11-24 13:41:35.3925] 
客户机IP:::1
错误地址:http://localhost:40608/upload/201611/01/201611012245258767.png
异常信息:文件不存在。 
[2016-11-24 13:41:35.5405] 
客户机IP:::1
错误地址:http://localhost:40608/upload/201611/01/201611012245258767.png
异常信息:文件不存在。 
[2016-11-24 13:49:42.2433] 
客户机IP:::1
错误地址:http://localhost:40608/upload/201611/01/201611012306355443.png
异常信息:文件不存在。 
[2016-11-24 13:49:54.4520] 
客户机IP:::1
错误地址:http://localhost:40608/upload/201611/01/201611012306355443.png
异常信息:文件不存在。 
[2016-11-24 13:49:54.7701] 
客户机IP:::1
错误地址:http://localhost:40608/upload/201611/01/201611012306355443.png
异常信息:文件不存在。 
[2016-11-24 13:49:54.8571] 
客户机IP:::1
错误地址:http://localhost:40608/upload/201611/01/201611012306355443.png
异常信息:文件不存在。 
[2016-11-24 13:51:04.1620] 
客户机IP:::1
错误地址:http://localhost:40608/
异常信息:文件不存在。 
