[2016-11-28 08:23:21.6944] 
客户机IP:::1
错误地址:http://localhost:40608/
异常信息:文件不存在。 
[2016-11-28 08:23:24.1525] 
客户机IP:::1
错误地址:http://localhost:40608/admin/
异常信息:文件不存在。 
[2016-11-28 08:38:01.9347] 
客户机IP:::1
错误地址:http://localhost:40608/admin/
异常信息:文件不存在。 
[2016-11-28 08:38:02.0018] 
客户机IP:::1
错误地址:http://localhost:40608/admin/
异常信息:文件不存在。 
[2016-11-28 08:38:02.4838] 
客户机IP:::1
错误地址:http://localhost:40608/
异常信息:文件不存在。 
[2016-11-28 08:39:48.9509] 
客户机IP:::1
错误地址:http://localhost:40608/upload/201611/01/201611012306355443.png
异常信息:文件不存在。 
[2016-11-28 08:39:49.0549] 
客户机IP:::1
错误地址:http://localhost:40608/upload/201611/01/201611012306355443.png
异常信息:文件不存在。 
[2016-11-28 08:46:19.5752] 
客户机IP:::1
错误地址:http://localhost:40608/
异常信息:文件不存在。 
[2016-11-28 08:46:39.7294] 
客户机IP:::1
错误地址:http://localhost:40608/admin/
异常信息:文件不存在。 
[2016-11-28 08:46:55.2933] 
客户机IP:::1
错误地址:http://localhost:40608/upload/201611/01/201611012306355443.png
异常信息:文件不存在。 
[2016-11-28 08:46:55.4433] 
客户机IP:::1
错误地址:http://localhost:40608/upload/201611/01/201611012306355443.png
异常信息:文件不存在。 
[2016-11-28 08:47:00.4736] 
客户机IP:::1
错误地址:http://localhost:40608/upload/201611/01/201611012306355443.png
异常信息:文件不存在。 
[2016-11-28 08:47:00.8926] 
客户机IP:::1
错误地址:http://localhost:40608/upload/201611/01/201611012306355443.png
异常信息:文件不存在。 
[2016-11-28 08:47:43.6560] 
客户机IP:::1
错误地址:http://localhost:40608/favicon.ico
异常信息:文件不存在。 
[2016-11-28 08:47:43.9700] 
客户机IP:::1
错误地址:http://localhost:40608/favicon.ico
异常信息:文件不存在。 
[2016-11-28 08:47:44.2371] 
客户机IP:::1
错误地址:http://localhost:40608/favicon.ico
异常信息:文件不存在。 
[2016-11-28 08:55:42.8454] 
客户机IP:::1
错误地址:http://localhost:40608/favicon.ico
异常信息:文件不存在。 
[2016-11-28 08:55:42.9574] 
客户机IP:::1
错误地址:http://localhost:40608/favicon.ico
异常信息:文件不存在。 
[2016-11-28 09:02:43.2145] 
客户机IP:::1
错误地址:http://localhost:40608/favicon.ico
异常信息:文件不存在。 
[2016-11-28 09:22:51.1826] 
客户机IP:::1
错误地址:http://localhost:40608/favicon.ico
异常信息:文件不存在。 
[2016-11-28 09:24:11.3631] 
客户机IP:::1
错误地址:http://localhost:40608/favicon.ico
异常信息:文件不存在。 
