[2018-06-11 11:23:37.6908] 
客户机IP:::1
错误地址:http://localhost:40620/admin/news/chrome-extension:/geojgbiepfpcddgilmjphomafbedackp/themes/default/css/ueditor.css
异常信息:从客户端(:)中检测到有潜在危险的 Request.Path 值。 
[2018-06-11 11:23:37.6908] 
客户机IP:::1
错误地址:http://localhost:40620/admin/news/chrome-extension:/tools/upload_ajax.ashx?action=config&&noCache=1528687417622
异常信息:从客户端(:)中检测到有潜在危险的 Request.Path 值。 
[2018-06-11 11:23:37.7267] 
客户机IP:::1
错误地址:http://localhost:40620/admin/news/chrome-extension:/geojgbiepfpcddgilmjphomafbedackp/themes/iframe.css
异常信息:从客户端(:)中检测到有潜在危险的 Request.Path 值。 
[2018-06-11 11:23:37.7427] 
客户机IP:::1
错误地址:http://localhost:40620/admin/news/chrome-extension:/geojgbiepfpcddgilmjphomafbedackp/third-party/codemirror/codemirror.js
异常信息:从客户端(:)中检测到有潜在危险的 Request.Path 值。 
[2018-06-11 11:23:37.7427] 
客户机IP:::1
错误地址:http://localhost:40620/admin/news/chrome-extension:/geojgbiepfpcddgilmjphomafbedackp/third-party/codemirror/codemirror.css
异常信息:从客户端(:)中检测到有潜在危险的 Request.Path 值。 
[2018-06-11 11:23:37.7427] 
客户机IP:::1
错误地址:http://localhost:40620/admin/news/chrome-extension:/geojgbiepfpcddgilmjphomafbedackp/third-party/zeroclipboard/ZeroClipboard.js
异常信息:从客户端(:)中检测到有潜在危险的 Request.Path 值。 
[2018-06-11 11:25:23.3472] 
客户机IP:::1
错误地址:http://localhost:40620/admin/news/chrome-extension:/geojgbiepfpcddgilmjphomafbedackp/themes/default/css/ueditor.css
异常信息:从客户端(:)中检测到有潜在危险的 Request.Path 值。 
[2018-06-11 11:25:23.3472] 
客户机IP:::1
错误地址:http://localhost:40620/admin/news/chrome-extension:/tools/upload_ajax.ashx?action=config&&noCache=1528687523350
异常信息:从客户端(:)中检测到有潜在危险的 Request.Path 值。 
[2018-06-11 11:25:23.3831] 
客户机IP:::1
错误地址:http://localhost:40620/admin/news/chrome-extension:/geojgbiepfpcddgilmjphomafbedackp/themes/iframe.css
异常信息:从客户端(:)中检测到有潜在危险的 Request.Path 值。 
[2018-06-11 11:25:23.3971] 
客户机IP:::1
错误地址:http://localhost:40620/admin/news/chrome-extension:/geojgbiepfpcddgilmjphomafbedackp/third-party/codemirror/codemirror.js
异常信息:从客户端(:)中检测到有潜在危险的 Request.Path 值。 
[2018-06-11 11:25:23.3971] 
客户机IP:::1
错误地址:http://localhost:40620/admin/news/chrome-extension:/geojgbiepfpcddgilmjphomafbedackp/third-party/codemirror/codemirror.css
异常信息:从客户端(:)中检测到有潜在危险的 Request.Path 值。 
[2018-06-11 11:25:23.3971] 
客户机IP:::1
错误地址:http://localhost:40620/admin/news/chrome-extension:/geojgbiepfpcddgilmjphomafbedackp/third-party/zeroclipboard/ZeroClipboard.js
异常信息:从客户端(:)中检测到有潜在危险的 Request.Path 值。 
[2018-06-11 11:25:26.0629] 
客户机IP:::1
错误地址:http://localhost:40620/admin/news/chrome-extension:/geojgbiepfpcddgilmjphomafbedackp/themes/default/css/ueditor.css
异常信息:从客户端(:)中检测到有潜在危险的 Request.Path 值。 
[2018-06-11 11:25:26.0629] 
客户机IP:::1
错误地址:http://localhost:40620/admin/news/chrome-extension:/tools/upload_ajax.ashx?action=config&&noCache=1528687526064
异常信息:从客户端(:)中检测到有潜在危险的 Request.Path 值。 
[2018-06-11 11:25:27.4615] 
客户机IP:::1
错误地址:http://localhost:40620/admin/news/chrome-extension:/geojgbiepfpcddgilmjphomafbedackp/themes/default/css/ueditor.css
异常信息:从客户端(:)中检测到有潜在危险的 Request.Path 值。 
[2018-06-11 11:25:27.4615] 
客户机IP:::1
错误地址:http://localhost:40620/admin/news/chrome-extension:/tools/upload_ajax.ashx?action=config&&noCache=1528687527465
异常信息:从客户端(:)中检测到有潜在危险的 Request.Path 值。 
[2018-06-11 11:25:27.5063] 
客户机IP:::1
错误地址:http://localhost:40620/admin/news/chrome-extension:/geojgbiepfpcddgilmjphomafbedackp/themes/iframe.css
异常信息:从客户端(:)中检测到有潜在危险的 Request.Path 值。 
[2018-06-11 11:25:27.5173] 
客户机IP:::1
错误地址:http://localhost:40620/admin/news/chrome-extension:/geojgbiepfpcddgilmjphomafbedackp/third-party/codemirror/codemirror.js
异常信息:从客户端(:)中检测到有潜在危险的 Request.Path 值。 
[2018-06-11 11:25:27.5173] 
客户机IP:::1
错误地址:http://localhost:40620/admin/news/chrome-extension:/geojgbiepfpcddgilmjphomafbedackp/third-party/codemirror/codemirror.css
异常信息:从客户端(:)中检测到有潜在危险的 Request.Path 值。 
[2018-06-11 11:25:27.5173] 
客户机IP:::1
错误地址:http://localhost:40620/admin/news/chrome-extension:/geojgbiepfpcddgilmjphomafbedackp/third-party/zeroclipboard/ZeroClipboard.js
异常信息:从客户端(:)中检测到有潜在危险的 Request.Path 值。 
[2018-06-11 11:28:11.2734] 
客户机IP:::1
错误地址:http://localhost:40620/admin/news/chrome-extension:/geojgbiepfpcddgilmjphomafbedackp/themes/default/css/ueditor.css
异常信息:从客户端(:)中检测到有潜在危险的 Request.Path 值。 
[2018-06-11 11:28:11.2734] 
客户机IP:::1
错误地址:http://localhost:40620/admin/news/chrome-extension:/tools/upload_ajax.ashx?action=config&&noCache=1528687691276
异常信息:从客户端(:)中检测到有潜在危险的 Request.Path 值。 
[2018-06-11 11:28:11.3093] 
客户机IP:::1
错误地址:http://localhost:40620/admin/news/chrome-extension:/geojgbiepfpcddgilmjphomafbedackp/themes/iframe.css
异常信息:从客户端(:)中检测到有潜在危险的 Request.Path 值。 
[2018-06-11 11:28:11.3183] 
客户机IP:::1
错误地址:http://localhost:40620/admin/news/chrome-extension:/geojgbiepfpcddgilmjphomafbedackp/third-party/codemirror/codemirror.js
异常信息:从客户端(:)中检测到有潜在危险的 Request.Path 值。 
[2018-06-11 11:28:11.3183] 
客户机IP:::1
错误地址:http://localhost:40620/admin/news/chrome-extension:/geojgbiepfpcddgilmjphomafbedackp/third-party/codemirror/codemirror.css
异常信息:从客户端(:)中检测到有潜在危险的 Request.Path 值。 
[2018-06-11 11:28:11.3183] 
客户机IP:::1
错误地址:http://localhost:40620/admin/news/chrome-extension:/geojgbiepfpcddgilmjphomafbedackp/third-party/zeroclipboard/ZeroClipboard.js
异常信息:从客户端(:)中检测到有潜在危险的 Request.Path 值。 
[2018-06-11 11:28:21.5726] 
客户机IP:::1
错误地址:http://localhost:40620/admin/news/chrome-extension:/geojgbiepfpcddgilmjphomafbedackp/themes/default/css/ueditor.css
异常信息:从客户端(:)中检测到有潜在危险的 Request.Path 值。 
[2018-06-11 11:28:21.5726] 
客户机IP:::1
错误地址:http://localhost:40620/admin/news/chrome-extension:/tools/upload_ajax.ashx?action=config&&noCache=1528687701571
异常信息:从客户端(:)中检测到有潜在危险的 Request.Path 值。 
[2018-06-11 11:28:24.1953] 
客户机IP:::1
错误地址:http://localhost:40620/admin/news/chrome-extension:/geojgbiepfpcddgilmjphomafbedackp/themes/default/css/ueditor.css
异常信息:从客户端(:)中检测到有潜在危险的 Request.Path 值。 
[2018-06-11 11:28:24.1953] 
客户机IP:::1
错误地址:http://localhost:40620/admin/news/chrome-extension:/tools/upload_ajax.ashx?action=config&&noCache=1528687704194
异常信息:从客户端(:)中检测到有潜在危险的 Request.Path 值。 
[2018-06-11 11:28:26.9289] 
客户机IP:::1
错误地址:http://localhost:40620/admin/news/chrome-extension:/geojgbiepfpcddgilmjphomafbedackp/themes/default/css/ueditor.css
异常信息:从客户端(:)中检测到有潜在危险的 Request.Path 值。 
[2018-06-11 11:28:26.9289] 
客户机IP:::1
错误地址:http://localhost:40620/admin/news/chrome-extension:/tools/upload_ajax.ashx?action=config&&noCache=1528687706928
异常信息:从客户端(:)中检测到有潜在危险的 Request.Path 值。 
[2018-06-11 11:28:38.4159] 
客户机IP:::1
错误地址:http://localhost:40620/admin/news/chrome-extension:/geojgbiepfpcddgilmjphomafbedackp/themes/default/css/ueditor.css
异常信息:从客户端(:)中检测到有潜在危险的 Request.Path 值。 
[2018-06-11 11:28:38.4159] 
客户机IP:::1
错误地址:http://localhost:40620/admin/news/chrome-extension:/tools/upload_ajax.ashx?action=config&&noCache=1528687718416
异常信息:从客户端(:)中检测到有潜在危险的 Request.Path 值。 
[2018-06-11 16:15:18.5309] 
客户机IP:::1
错误地址:http://localhost:40620/admin/pro/category_list.aspx
异常信息:f:\demo\forcomp\DTcms.Web\admin\pro\category_list.aspx(36): error CS0103: 当前上下文中不存在名称“DTEnums” 
[2018-06-11 16:16:20.7234] 
客户机IP:::1
错误地址:http://localhost:40620/admin/pro/category_list.aspx
异常信息:引发类型为“System.Web.HttpUnhandledException”的异常。 
[2018-06-11 16:17:15.8227] 
客户机IP:::1
错误地址:http://localhost:40620/admin/pro/category_list.aspx
异常信息:引发类型为“System.Web.HttpUnhandledException”的异常。 
[2018-06-11 16:17:26.9067] 
客户机IP:::1
错误地址:http://localhost:40620/admin/pro/category_list.aspx
异常信息:引发类型为“System.Web.HttpUnhandledException”的异常。 
[2018-06-11 16:18:03.5420] 
客户机IP:::1
错误地址:http://localhost:40620/admin/pro/category_list.aspx
异常信息:引发类型为“System.Web.HttpUnhandledException”的异常。 
[2018-06-11 16:23:36.3004] 
客户机IP:::1
错误地址:http://localhost:40620/admin/pro/category_list.aspx
异常信息:引发类型为“System.Web.HttpUnhandledException”的异常。 
[2018-06-11 16:34:02.8015] 
客户机IP:::1
错误地址:http://localhost:40620/admin/pro/category_edit.aspx?action=Edit&id=5
异常信息:f:\demo\forcomp\DTcms.Web\admin\pro\category_edit.aspx(163): error CS1061: “ASP.admin_pro_category_edit_aspx”不包含“btnSubmit_Click”的定义，并且找不到可接受类型为“ASP.admin_pro_category_edit_aspx”的第一个参数的扩展方法“btnSubmit_Click”(是否缺少 using 指令或程序集引用?) 
[2018-06-11 16:35:50.1250] 
客户机IP:::1
错误地址:http://localhost:40620/admin/pro/chrome-extension:/geojgbiepfpcddgilmjphomafbedackp/themes/default/css/ueditor.css
异常信息:从客户端(:)中检测到有潜在危险的 Request.Path 值。 
[2018-06-11 16:35:50.1250] 
客户机IP:::1
错误地址:http://localhost:40620/admin/pro/chrome-extension:/tools/upload_ajax.ashx?action=config&&noCache=1528706150068
异常信息:从客户端(:)中检测到有潜在危险的 Request.Path 值。 
[2018-06-11 16:35:50.1699] 
客户机IP:::1
错误地址:http://localhost:40620/admin/pro/chrome-extension:/geojgbiepfpcddgilmjphomafbedackp/themes/iframe.css
异常信息:从客户端(:)中检测到有潜在危险的 Request.Path 值。 
[2018-06-11 16:35:50.1809] 
客户机IP:::1
错误地址:http://localhost:40620/admin/pro/chrome-extension:/geojgbiepfpcddgilmjphomafbedackp/third-party/codemirror/codemirror.js
异常信息:从客户端(:)中检测到有潜在危险的 Request.Path 值。 
[2018-06-11 16:35:50.1809] 
客户机IP:::1
错误地址:http://localhost:40620/admin/pro/chrome-extension:/geojgbiepfpcddgilmjphomafbedackp/third-party/codemirror/codemirror.css
异常信息:从客户端(:)中检测到有潜在危险的 Request.Path 值。 
[2018-06-11 16:35:50.1809] 
客户机IP:::1
错误地址:http://localhost:40620/admin/pro/chrome-extension:/geojgbiepfpcddgilmjphomafbedackp/third-party/zeroclipboard/ZeroClipboard.js
异常信息:从客户端(:)中检测到有潜在危险的 Request.Path 值。 
[2018-06-11 16:36:48.9070] 
客户机IP:::1
错误地址:http://localhost:40620/admin/pro/chrome-extension:/tools/upload_ajax.ashx?action=config&&noCache=1528706208841
异常信息:从客户端(:)中检测到有潜在危险的 Request.Path 值。 
[2018-06-11 16:36:48.9070] 
客户机IP:::1
错误地址:http://localhost:40620/admin/pro/chrome-extension:/geojgbiepfpcddgilmjphomafbedackp/themes/default/css/ueditor.css
异常信息:从客户端(:)中检测到有潜在危险的 Request.Path 值。 
[2018-06-11 16:36:52.6729] 
客户机IP:::1
错误地址:http://localhost:40620/admin/pro/chrome-extension:/geojgbiepfpcddgilmjphomafbedackp/themes/default/css/ueditor.css
异常信息:从客户端(:)中检测到有潜在危险的 Request.Path 值。 
[2018-06-11 16:36:52.6729] 
客户机IP:::1
错误地址:http://localhost:40620/admin/pro/chrome-extension:/tools/upload_ajax.ashx?action=config&&noCache=1528706212673
异常信息:从客户端(:)中检测到有潜在危险的 Request.Path 值。 
[2018-06-11 16:42:43.5843] 
客户机IP:::1
错误地址:http://localhost:40620/admin/article/chrome-extension:/geojgbiepfpcddgilmjphomafbedackp/themes/default/css/ueditor.css
异常信息:从客户端(:)中检测到有潜在危险的 Request.Path 值。 
[2018-06-11 16:42:43.5843] 
客户机IP:::1
错误地址:http://localhost:40620/admin/article/chrome-extension:/tools/upload_ajax.ashx?action=config&&noCache=1528706563530
异常信息:从客户端(:)中检测到有潜在危险的 Request.Path 值。 
[2018-06-11 16:42:43.6262] 
客户机IP:::1
错误地址:http://localhost:40620/admin/article/chrome-extension:/geojgbiepfpcddgilmjphomafbedackp/themes/iframe.css
异常信息:从客户端(:)中检测到有潜在危险的 Request.Path 值。 
[2018-06-11 16:42:43.6262] 
客户机IP:::1
错误地址:http://localhost:40620/admin/article/chrome-extension:/geojgbiepfpcddgilmjphomafbedackp/third-party/codemirror/codemirror.js
异常信息:从客户端(:)中检测到有潜在危险的 Request.Path 值。 
[2018-06-11 16:42:43.6262] 
客户机IP:::1
错误地址:http://localhost:40620/admin/article/chrome-extension:/geojgbiepfpcddgilmjphomafbedackp/third-party/codemirror/codemirror.css
异常信息:从客户端(:)中检测到有潜在危险的 Request.Path 值。 
[2018-06-11 16:42:43.6262] 
客户机IP:::1
错误地址:http://localhost:40620/admin/article/chrome-extension:/geojgbiepfpcddgilmjphomafbedackp/third-party/zeroclipboard/ZeroClipboard.js
异常信息:从客户端(:)中检测到有潜在危险的 Request.Path 值。 
[2018-06-11 16:43:06.3726] 
客户机IP:::1
错误地址:http://localhost:40620/admin/article/chrome-extension:/geojgbiepfpcddgilmjphomafbedackp/themes/default/css/ueditor.css
异常信息:从客户端(:)中检测到有潜在危险的 Request.Path 值。 
[2018-06-11 16:43:06.3766] 
客户机IP:::1
错误地址:http://localhost:40620/admin/article/chrome-extension:/tools/upload_ajax.ashx?action=config&&noCache=1528706586374
异常信息:从客户端(:)中检测到有潜在危险的 Request.Path 值。 
[2018-06-11 16:43:06.4075] 
客户机IP:::1
错误地址:http://localhost:40620/admin/article/chrome-extension:/geojgbiepfpcddgilmjphomafbedackp/themes/iframe.css
异常信息:从客户端(:)中检测到有潜在危险的 Request.Path 值。 
[2018-06-11 16:43:06.4075] 
客户机IP:::1
错误地址:http://localhost:40620/admin/article/chrome-extension:/geojgbiepfpcddgilmjphomafbedackp/third-party/codemirror/codemirror.js
异常信息:从客户端(:)中检测到有潜在危险的 Request.Path 值。 
[2018-06-11 16:43:06.4075] 
客户机IP:::1
错误地址:http://localhost:40620/admin/article/chrome-extension:/geojgbiepfpcddgilmjphomafbedackp/third-party/codemirror/codemirror.css
异常信息:从客户端(:)中检测到有潜在危险的 Request.Path 值。 
[2018-06-11 16:43:06.4215] 
客户机IP:::1
错误地址:http://localhost:40620/admin/article/chrome-extension:/geojgbiepfpcddgilmjphomafbedackp/third-party/zeroclipboard/ZeroClipboard.js
异常信息:从客户端(:)中检测到有潜在危险的 Request.Path 值。 
[2018-06-11 16:55:02.5966] 
客户机IP:::1
错误地址:http://localhost:40620/admin/pro/category_list.aspx
异常信息:f:\demo\forcomp\DTcms.Web\admin\pro\category_list.aspx(83): error CS1518: 应输入 class、delegate、enum、interface 或 struct 
[2018-06-11 16:55:09.9823] 
客户机IP:::1
错误地址:http://localhost:40620/admin/pro/category_list.aspx
异常信息:引发类型为“System.Web.HttpUnhandledException”的异常。 
[2018-06-11 17:03:36.2193] 
客户机IP:::1
错误地址:http://localhost:40620/admin/pro/category_list.aspx
异常信息:引发类型为“System.Web.HttpUnhandledException”的异常。 
[2018-06-11 17:03:50.5391] 
客户机IP:::1
错误地址:http://localhost:40620/admin/pro/category_list.aspx
异常信息:引发类型为“System.Web.HttpUnhandledException”的异常。 
[2018-06-11 17:04:00.0350] 
客户机IP:::1
错误地址:http://localhost:40620/admin/pro/category_list.aspx
异常信息:引发类型为“System.Web.HttpUnhandledException”的异常。 
[2018-06-11 17:07:18.4998] 
客户机IP:::1
错误地址:http://localhost:40620/admin/pro/category_list.aspx
异常信息:引发类型为“System.Web.HttpUnhandledException”的异常。 
[2018-06-11 17:09:01.6401] 
客户机IP:::1
错误地址:http://localhost:40620/admin/pro/category_list.aspx
异常信息:引发类型为“System.Web.HttpUnhandledException”的异常。 
[2018-06-11 17:11:55.0997] 
客户机IP:::1
错误地址:http://localhost:40620/admin/pro/category_list.aspx
异常信息:引发类型为“System.Web.HttpUnhandledException”的异常。 
[2018-06-11 17:15:55.0990] 
客户机IP:::1
错误地址:http://localhost:40620/admin/pro/category_list.aspx
异常信息:引发类型为“System.Web.HttpUnhandledException”的异常。 
[2018-06-11 17:16:51.9316] 
客户机IP:::1
错误地址:http://localhost:40620/admin/pro/category_list.aspx
异常信息:引发类型为“System.Web.HttpUnhandledException”的异常。 
[2018-06-11 17:17:07.8768] 
客户机IP:::1
错误地址:http://localhost:40620/admin/pro/category_list.aspx
异常信息:引发类型为“System.Web.HttpUnhandledException”的异常。 
[2018-06-11 17:22:08.3324] 
客户机IP:::1
错误地址:http://localhost:40620/admin/pro/category_list.aspx
异常信息:引发类型为“System.Web.HttpUnhandledException”的异常。 
[2018-06-11 17:22:08.3324] 
客户机IP:::1
错误地址:http://localhost:40620/admin/pro/category_list.aspx
异常信息:引发类型为“System.Web.HttpUnhandledException”的异常。 
[2018-06-11 17:24:03.5458] 
客户机IP:::1
错误地址:http://localhost:40620/admin/pro/category_list.aspx
异常信息:引发类型为“System.Web.HttpUnhandledException”的异常。 
[2018-06-11 17:24:56.8180] 
客户机IP:::1
错误地址:http://localhost:40620/admin/pro/category_list.aspx
异常信息:引发类型为“System.Web.HttpUnhandledException”的异常。 
[2018-06-11 17:25:47.6427] 
客户机IP:::1
错误地址:http://localhost:40620/admin/pro/category_list.aspx
异常信息:引发类型为“System.Web.HttpUnhandledException”的异常。 
[2018-06-11 17:27:45.3300] 
客户机IP:::1
错误地址:http://localhost:40620/admin/pro/category_list.aspx
异常信息:引发类型为“System.Web.HttpUnhandledException”的异常。 
