[2018-07-10 10:50:41.4901] 
客户机IP:::1
错误地址:http://localhost:40620/admin/article/article_edit.aspx
异常信息:引发类型为“System.Web.HttpUnhandledException”的异常。 
[2018-07-10 10:50:46.2402] 
客户机IP:::1
错误地址:http://localhost:40620/admin/article/article_edit.aspx
异常信息:引发类型为“System.Web.HttpUnhandledException”的异常。 
[2018-07-10 18:27:36.5796] 
客户机IP:::1
错误地址:http://localhost:40620/tools/app_ajax.ashx?action=get_qunID&encryptedData=BS/l3awOjoolCzv7ANtF+30GeH77lYThhXlP3lEWlOyAdTEZ5JsMvUNKLyuhlcGQ1vHDzSndJmwOIjj5w5Pn7gLWs04h7g04mfrMN/lJ8B/fPZsFcONSp4xsmx/k/zDkB0ZAduoEpA+iErbzaEX2Bw==&iv=p4plalJ7IgIr+eFdkDwfeA==
异常信息:指定键的大小对于此算法无效。 
[2018-07-10 18:41:11.0354] 
客户机IP:::1
错误地址:http://localhost:40620/tools/app_ajax.ashx?action=get_qunID&encryptedData=RTt7q9ZE5PzzOsFLJLv8nfy62vXhQ7OlzYOiI0fwHIOMiYDWysqJBVG3DOLMsMOCCjGmxR4Qwa7DH8kOf/UQ1iRDHYoCCrsEDCdNLcC7aDhAagicvVY7LNK83Q27Ki/nMJqGqWFlR0wRXJGuBx3/Zw==&iv=GwgO8VnfuWgrUm9xM78nlQ==
异常信息:指定键的大小对于此算法无效。 
[2018-07-10 18:41:43.3001] 
客户机IP:::1
错误地址:http://localhost:40620/tools/app_ajax.ashx?action=get_qunID&iv=GwgO8VnfuWgrUm9xM78nlQ==&encryptedData=RTt7q9ZE5PzzOsFLJLv8nfy62vXhQ7OlzYOiI0fwHIOMiYDWysqJBVG3DOLMsMOCCjGmxR4Qwa7DH8kOf/UQ1iRDHYoCCrsEDCdNLcC7aDhAagicvVY7LNK83Q27Ki/nMJqGqWFlR0wRXJGuBx3/Zw==&key=fP/bQHPD0i0K1MrMdyTyrg==
异常信息:指定键的大小对于此算法无效。 
[2018-07-10 18:43:22.3315] 
客户机IP:::1
错误地址:http://localhost:40620/tools/app_ajax.ashx?action=get_qunID&encryptedData=Txbotf+EXNN+0DghmhwTzwrqoSYQTBLeyYczMz4wnGuO1xP7Rbu9d/WoHmnGbjndS0BpdyEylyhjPYYIeSQ+AEAtzLGMrUabVmtZltAmnH8UW86vRTP9kpaCBIAWwBBg7SEeRO7x/EyMHA07hxmWpA==&iv=Aoort/HtVll32wGFufF4Qg==
异常信息:指定键的大小对于此算法无效。 
[2018-07-10 18:43:38.1461] 
客户机IP:::1
错误地址:http://localhost:40620/tools/app_ajax.ashx?action=get_qunID&encryptedData=ZBau/+VIPd5ARDCBQTlsDwZKGVrhtzy0J0SlLFDIa9JRz0CP5eXuOMhX2YjI1Y/G0bA6N/xyB912u2ois9n+ST2pMAJwlPlvgCbwuZVH8RxPyq7mgle8WsLRbCBhaftEzP181WCRgiCvpKiH8tXlOw==&iv=HetT+5/LGMk3R2+jPPfEWw==
异常信息:指定键的大小对于此算法无效。 
[2018-07-10 18:44:23.2217] 
客户机IP:::1
错误地址:http://localhost:40620/tools/app_ajax.ashx?action=get_qunID&iv=GwgO8VnfuWgrUm9xM78nlQ==&encryptedData=RTt7q9ZE5PzzOsFLJLv8nfy62vXhQ7OlzYOiI0fwHIOMiYDWysqJBVG3DOLMsMOCCjGmxR4Qwa7DH8kOf/UQ1iRDHYoCCrsEDCdNLcC7aDhAagicvVY7LNK83Q27Ki/nMJqGqWFlR0wRXJGuBx3/Zw==&key=023nyLRt13v7gd00nvPt1D5YRt1nyLRe
异常信息:指定键的大小对于此算法无效。 
[2018-07-10 18:45:13.4854] 
客户机IP:::1
错误地址:http://localhost:40620/tools/app_ajax.ashx?action=get_qunID&iv=GwgO8VnfuWgrUm9xM78nlQ==&encryptedData=RTt7q9ZE5PzzOsFLJLv8nfy62vXhQ7OlzYOiI0fwHIOMiYDWysqJBVG3DOLMsMOCCjGmxR4Qwa7DH8kOf/UQ1iRDHYoCCrsEDCdNLcC7aDhAagicvVY7LNK83Q27Ki/nMJqGqWFlR0wRXJGuBx3/Zw==&key=HyVFkGl5F5OQWJZZaNzBBg==
异常信息:指定键的大小对于此算法无效。 
