[2018-07-19 11:45:56.5241] 
客户机IP:::1
错误地址:http://localhost:40620/admin/news/chrome-extension:/geojgbiepfpcddgilmjphomafbedackp/themes/default/css/ueditor.css
异常信息:从客户端(:)中检测到有潜在危险的 Request.Path 值。 
[2018-07-19 11:45:56.5241] 
客户机IP:::1
错误地址:http://localhost:40620/admin/news/chrome-extension:/tools/upload_ajax.ashx?action=config&&noCache=1531971956450
异常信息:从客户端(:)中检测到有潜在危险的 Request.Path 值。 
[2018-07-19 11:45:56.5640] 
客户机IP:::1
错误地址:http://localhost:40620/admin/news/chrome-extension:/geojgbiepfpcddgilmjphomafbedackp/themes/iframe.css
异常信息:从客户端(:)中检测到有潜在危险的 Request.Path 值。 
[2018-07-19 11:45:56.6149] 
客户机IP:::1
错误地址:http://localhost:40620/admin/news/chrome-extension:/geojgbiepfpcddgilmjphomafbedackp/third-party/codemirror/codemirror.js
异常信息:从客户端(:)中检测到有潜在危险的 Request.Path 值。 
[2018-07-19 11:45:56.6149] 
客户机IP:::1
错误地址:http://localhost:40620/admin/news/chrome-extension:/geojgbiepfpcddgilmjphomafbedackp/third-party/codemirror/codemirror.css
异常信息:从客户端(:)中检测到有潜在危险的 Request.Path 值。 
[2018-07-19 11:45:56.6268] 
客户机IP:::1
错误地址:http://localhost:40620/admin/news/chrome-extension:/geojgbiepfpcddgilmjphomafbedackp/third-party/zeroclipboard/ZeroClipboard.js
异常信息:从客户端(:)中检测到有潜在危险的 Request.Path 值。 
[2018-07-19 11:46:16.0700] 
客户机IP:::1
错误地址:http://localhost:40620/admin/news/chrome-extension:/geojgbiepfpcddgilmjphomafbedackp/themes/default/css/ueditor.css
异常信息:从客户端(:)中检测到有潜在危险的 Request.Path 值。 
[2018-07-19 11:46:16.0700] 
客户机IP:::1
错误地址:http://localhost:40620/admin/news/chrome-extension:/tools/upload_ajax.ashx?action=config&&noCache=1531971976073
异常信息:从客户端(:)中检测到有潜在危险的 Request.Path 值。 
[2018-07-19 11:46:16.1079] 
客户机IP:::1
错误地址:http://localhost:40620/admin/news/chrome-extension:/geojgbiepfpcddgilmjphomafbedackp/themes/iframe.css
异常信息:从客户端(:)中检测到有潜在危险的 Request.Path 值。 
[2018-07-19 11:46:16.1259] 
客户机IP:::1
错误地址:http://localhost:40620/admin/news/chrome-extension:/geojgbiepfpcddgilmjphomafbedackp/third-party/codemirror/codemirror.js
异常信息:从客户端(:)中检测到有潜在危险的 Request.Path 值。 
[2018-07-19 11:46:16.1329] 
客户机IP:::1
错误地址:http://localhost:40620/admin/news/chrome-extension:/geojgbiepfpcddgilmjphomafbedackp/third-party/codemirror/codemirror.css
异常信息:从客户端(:)中检测到有潜在危险的 Request.Path 值。 
[2018-07-19 11:46:16.1329] 
客户机IP:::1
错误地址:http://localhost:40620/admin/news/chrome-extension:/geojgbiepfpcddgilmjphomafbedackp/third-party/zeroclipboard/ZeroClipboard.js
异常信息:从客户端(:)中检测到有潜在危险的 Request.Path 值。 
[2018-07-19 11:46:24.9404] 
客户机IP:::1
错误地址:http://localhost:40620/admin/news/chrome-extension:/geojgbiepfpcddgilmjphomafbedackp/themes/default/css/ueditor.css
异常信息:从客户端(:)中检测到有潜在危险的 Request.Path 值。 
[2018-07-19 11:46:24.9454] 
客户机IP:::1
错误地址:http://localhost:40620/admin/news/chrome-extension:/tools/upload_ajax.ashx?action=config&&noCache=1531971984943
异常信息:从客户端(:)中检测到有潜在危险的 Request.Path 值。 
[2018-07-19 11:46:24.9783] 
客户机IP:::1
错误地址:http://localhost:40620/admin/news/chrome-extension:/geojgbiepfpcddgilmjphomafbedackp/themes/iframe.css
异常信息:从客户端(:)中检测到有潜在危险的 Request.Path 值。 
[2018-07-19 11:46:24.9973] 
客户机IP:::1
错误地址:http://localhost:40620/admin/news/chrome-extension:/geojgbiepfpcddgilmjphomafbedackp/third-party/codemirror/codemirror.js
异常信息:从客户端(:)中检测到有潜在危险的 Request.Path 值。 
[2018-07-19 11:46:24.9973] 
客户机IP:::1
错误地址:http://localhost:40620/admin/news/chrome-extension:/geojgbiepfpcddgilmjphomafbedackp/third-party/codemirror/codemirror.css
异常信息:从客户端(:)中检测到有潜在危险的 Request.Path 值。 
[2018-07-19 11:46:25.0082] 
客户机IP:::1
错误地址:http://localhost:40620/admin/news/chrome-extension:/geojgbiepfpcddgilmjphomafbedackp/third-party/zeroclipboard/ZeroClipboard.js
异常信息:从客户端(:)中检测到有潜在危险的 Request.Path 值。 
[2018-07-19 11:46:32.3924] 
客户机IP:::1
错误地址:http://localhost:40620/admin/news/chrome-extension:/geojgbiepfpcddgilmjphomafbedackp/themes/default/css/ueditor.css
异常信息:从客户端(:)中检测到有潜在危险的 Request.Path 值。 
[2018-07-19 11:46:32.3924] 
客户机IP:::1
错误地址:http://localhost:40620/admin/news/chrome-extension:/tools/upload_ajax.ashx?action=config&&noCache=1531971992392
异常信息:从客户端(:)中检测到有潜在危险的 Request.Path 值。 
[2018-07-19 11:47:01.7585] 
客户机IP:::1
错误地址:http://localhost:40620/admin/news/chrome-extension:/geojgbiepfpcddgilmjphomafbedackp/themes/default/css/ueditor.css
异常信息:从客户端(:)中检测到有潜在危险的 Request.Path 值。 
[2018-07-19 11:47:01.7585] 
客户机IP:::1
错误地址:http://localhost:40620/admin/news/chrome-extension:/tools/upload_ajax.ashx?action=config&&noCache=1531972021761
异常信息:从客户端(:)中检测到有潜在危险的 Request.Path 值。 
[2018-07-19 11:47:01.7964] 
客户机IP:::1
错误地址:http://localhost:40620/admin/news/chrome-extension:/geojgbiepfpcddgilmjphomafbedackp/themes/iframe.css
异常信息:从客户端(:)中检测到有潜在危险的 Request.Path 值。 
[2018-07-19 11:47:01.8163] 
客户机IP:::1
错误地址:http://localhost:40620/admin/news/chrome-extension:/geojgbiepfpcddgilmjphomafbedackp/third-party/codemirror/codemirror.js
异常信息:从客户端(:)中检测到有潜在危险的 Request.Path 值。 
[2018-07-19 11:47:01.8163] 
客户机IP:::1
错误地址:http://localhost:40620/admin/news/chrome-extension:/geojgbiepfpcddgilmjphomafbedackp/third-party/codemirror/codemirror.css
异常信息:从客户端(:)中检测到有潜在危险的 Request.Path 值。 
[2018-07-19 11:47:01.8273] 
客户机IP:::1
错误地址:http://localhost:40620/admin/news/chrome-extension:/geojgbiepfpcddgilmjphomafbedackp/third-party/zeroclipboard/ZeroClipboard.js
异常信息:从客户端(:)中检测到有潜在危险的 Request.Path 值。 
[2018-07-19 11:48:24.7107] 
客户机IP:::1
错误地址:http://localhost:40620/admin/news/chrome-extension:/geojgbiepfpcddgilmjphomafbedackp/themes/default/css/ueditor.css
异常信息:从客户端(:)中检测到有潜在危险的 Request.Path 值。 
[2018-07-19 11:48:24.7107] 
客户机IP:::1
错误地址:http://localhost:40620/admin/news/chrome-extension:/tools/upload_ajax.ashx?action=config&&noCache=1531972104714
异常信息:从客户端(:)中检测到有潜在危险的 Request.Path 值。 
[2018-07-19 11:48:24.7486] 
客户机IP:::1
错误地址:http://localhost:40620/admin/news/chrome-extension:/geojgbiepfpcddgilmjphomafbedackp/themes/iframe.css
异常信息:从客户端(:)中检测到有潜在危险的 Request.Path 值。 
[2018-07-19 11:48:24.7735] 
客户机IP:::1
错误地址:http://localhost:40620/admin/news/chrome-extension:/geojgbiepfpcddgilmjphomafbedackp/third-party/codemirror/codemirror.css
异常信息:从客户端(:)中检测到有潜在危险的 Request.Path 值。 
[2018-07-19 11:48:24.7735] 
客户机IP:::1
错误地址:http://localhost:40620/admin/news/chrome-extension:/geojgbiepfpcddgilmjphomafbedackp/third-party/codemirror/codemirror.js
异常信息:从客户端(:)中检测到有潜在危险的 Request.Path 值。 
[2018-07-19 11:48:24.7735] 
客户机IP:::1
错误地址:http://localhost:40620/admin/news/chrome-extension:/geojgbiepfpcddgilmjphomafbedackp/third-party/zeroclipboard/ZeroClipboard.js
异常信息:从客户端(:)中检测到有潜在危险的 Request.Path 值。 
[2018-07-19 11:49:36.3612] 
客户机IP:::1
错误地址:http://localhost:40620/admin/news/chrome-extension:/geojgbiepfpcddgilmjphomafbedackp/themes/default/css/ueditor.css
异常信息:从客户端(:)中检测到有潜在危险的 Request.Path 值。 
[2018-07-19 11:49:36.3682] 
客户机IP:::1
错误地址:http://localhost:40620/admin/news/chrome-extension:/tools/upload_ajax.ashx?action=config&&noCache=1531972176365
异常信息:从客户端(:)中检测到有潜在危险的 Request.Path 值。 
[2018-07-19 11:49:36.3941] 
客户机IP:::1
错误地址:http://localhost:40620/admin/news/chrome-extension:/geojgbiepfpcddgilmjphomafbedackp/themes/iframe.css
异常信息:从客户端(:)中检测到有潜在危险的 Request.Path 值。 
[2018-07-19 11:49:36.4101] 
客户机IP:::1
错误地址:http://localhost:40620/admin/news/chrome-extension:/geojgbiepfpcddgilmjphomafbedackp/third-party/codemirror/codemirror.js
异常信息:从客户端(:)中检测到有潜在危险的 Request.Path 值。 
[2018-07-19 11:49:36.4101] 
客户机IP:::1
错误地址:http://localhost:40620/admin/news/chrome-extension:/geojgbiepfpcddgilmjphomafbedackp/third-party/codemirror/codemirror.css
异常信息:从客户端(:)中检测到有潜在危险的 Request.Path 值。 
[2018-07-19 11:49:36.4121] 
客户机IP:::1
错误地址:http://localhost:40620/admin/news/chrome-extension:/geojgbiepfpcddgilmjphomafbedackp/third-party/zeroclipboard/ZeroClipboard.js
异常信息:从客户端(:)中检测到有潜在危险的 Request.Path 值。 
[2018-07-19 11:57:00.0077] 
客户机IP:::1
错误地址:http://localhost:40620/admin/log/amount.aspx
异常信息:文件“/admin/log/amount.aspx”不存在。 
[2018-07-19 11:57:22.7568] 
客户机IP:::1
错误地址:http://localhost:40620/admin/log/amount.aspx
异常信息:文件“/admin/log/amount.aspx”不存在。 
[2018-07-19 11:57:38.9944] 
客户机IP:::1
错误地址:http://localhost:40620/admin/log/amount.aspx
异常信息:文件“/admin/log/amount.aspx”不存在。 
[2018-07-19 11:57:43.2557] 
客户机IP:::1
错误地址:http://localhost:40620/admin/log/amount.aspx
异常信息:文件“/admin/log/amount.aspx”不存在。 
[2018-07-19 11:57:47.9596] 
客户机IP:::1
错误地址:http://localhost:40620/admin/log/amount.aspx
异常信息:文件“/admin/log/amount.aspx”不存在。 
[2018-07-19 11:58:05.6279] 
客户机IP:::1
错误地址:http://localhost:40620/admin/log/amount_log.aspx
异常信息:f:\demo\forcomp\DTcms.Web\admin\log\amount_log.aspx(37): error CS1061: “ASP.admin_log_amount_log_aspx”不包含“btnSave_Click”的定义，并且找不到可接受类型为“ASP.admin_log_amount_log_aspx”的第一个参数的扩展方法“btnSave_Click”(是否缺少 using 指令或程序集引用?) 
[2018-07-19 12:08:08.5239] 
客户机IP:::1
错误地址:http://localhost:40620/admin/log/amount_log.aspx
异常信息:引发类型为“System.Web.HttpUnhandledException”的异常。 
[2018-07-19 12:08:49.7759] 
客户机IP:::1
错误地址:http://localhost:40620/admin/log/amount_log.aspx
异常信息:引发类型为“System.Web.HttpUnhandledException”的异常。 
[2018-07-19 15:30:14.5449] 
客户机IP:::1
错误地址:http://localhost:40620/admin/log/point_log.aspx
异常信息:引发类型为“System.Web.HttpUnhandledException”的异常。 
[2018-07-19 15:30:26.6692] 
客户机IP:::1
错误地址:http://localhost:40620/admin/log/point_log.aspx
异常信息:引发类型为“System.Web.HttpUnhandledException”的异常。 
[2018-07-19 15:41:01.2164] 
客户机IP:::1
错误地址:http://localhost:40620/plugins/images/admin/chrome-extension:/geojgbiepfpcddgilmjphomafbedackp/themes/default/css/ueditor.css
异常信息:从客户端(:)中检测到有潜在危险的 Request.Path 值。 
[2018-07-19 15:41:01.2244] 
客户机IP:::1
错误地址:http://localhost:40620/plugins/images/admin/chrome-extension:/tools/upload_ajax.ashx?action=config&&noCache=1531986061221
异常信息:从客户端(:)中检测到有潜在危险的 Request.Path 值。 
[2018-07-19 15:41:01.2892] 
客户机IP:::1
错误地址:http://localhost:40620/plugins/images/admin/chrome-extension:/geojgbiepfpcddgilmjphomafbedackp/themes/iframe.css
异常信息:从客户端(:)中检测到有潜在危险的 Request.Path 值。 
[2018-07-19 15:41:01.3161] 
客户机IP:::1
错误地址:http://localhost:40620/plugins/images/admin/chrome-extension:/geojgbiepfpcddgilmjphomafbedackp/third-party/codemirror/codemirror.js
异常信息:从客户端(:)中检测到有潜在危险的 Request.Path 值。 
[2018-07-19 15:41:01.3221] 
客户机IP:::1
错误地址:http://localhost:40620/plugins/images/admin/chrome-extension:/geojgbiepfpcddgilmjphomafbedackp/third-party/codemirror/codemirror.css
异常信息:从客户端(:)中检测到有潜在危险的 Request.Path 值。 
[2018-07-19 15:41:01.3221] 
客户机IP:::1
错误地址:http://localhost:40620/plugins/images/admin/chrome-extension:/geojgbiepfpcddgilmjphomafbedackp/third-party/zeroclipboard/ZeroClipboard.js
异常信息:从客户端(:)中检测到有潜在危险的 Request.Path 值。 
[2018-07-19 15:41:16.5919] 
客户机IP:::1
错误地址:http://localhost:40620/plugins/images/admin/chrome-extension:/geojgbiepfpcddgilmjphomafbedackp/themes/default/css/ueditor.css
异常信息:从客户端(:)中检测到有潜在危险的 Request.Path 值。 
[2018-07-19 15:41:16.6018] 
客户机IP:::1
错误地址:http://localhost:40620/plugins/images/admin/chrome-extension:/tools/upload_ajax.ashx?action=config&&noCache=1531986076599
异常信息:从客户端(:)中检测到有潜在危险的 Request.Path 值。 
[2018-07-19 15:41:16.6657] 
客户机IP:::1
错误地址:http://localhost:40620/plugins/images/admin/chrome-extension:/geojgbiepfpcddgilmjphomafbedackp/themes/iframe.css
异常信息:从客户端(:)中检测到有潜在危险的 Request.Path 值。 
[2018-07-19 15:41:16.6936] 
客户机IP:::1
错误地址:http://localhost:40620/plugins/images/admin/chrome-extension:/geojgbiepfpcddgilmjphomafbedackp/third-party/codemirror/codemirror.js
异常信息:从客户端(:)中检测到有潜在危险的 Request.Path 值。 
[2018-07-19 15:41:16.6936] 
客户机IP:::1
错误地址:http://localhost:40620/plugins/images/admin/chrome-extension:/geojgbiepfpcddgilmjphomafbedackp/third-party/codemirror/codemirror.css
异常信息:从客户端(:)中检测到有潜在危险的 Request.Path 值。 
[2018-07-19 15:41:16.6936] 
客户机IP:::1
错误地址:http://localhost:40620/plugins/images/admin/chrome-extension:/geojgbiepfpcddgilmjphomafbedackp/third-party/zeroclipboard/ZeroClipboard.js
异常信息:从客户端(:)中检测到有潜在危险的 Request.Path 值。 
[2018-07-19 15:41:36.0580] 
客户机IP:::1
错误地址:http://localhost:40620/plugins/images/admin/chrome-extension:/tools/upload_ajax.ashx?action=config&&noCache=1531986095917
异常信息:从客户端(:)中检测到有潜在危险的 Request.Path 值。 
[2018-07-19 15:41:36.0580] 
客户机IP:::1
错误地址:http://localhost:40620/plugins/images/admin/chrome-extension:/geojgbiepfpcddgilmjphomafbedackp/themes/default/css/ueditor.css
异常信息:从客户端(:)中检测到有潜在危险的 Request.Path 值。 
[2018-07-19 15:41:36.1877] 
客户机IP:::1
错误地址:http://localhost:40620/plugins/images/admin/chrome-extension:/geojgbiepfpcddgilmjphomafbedackp/themes/iframe.css
异常信息:从客户端(:)中检测到有潜在危险的 Request.Path 值。 
[2018-07-19 15:41:36.2854] 
客户机IP:::1
错误地址:http://localhost:40620/plugins/images/admin/chrome-extension:/geojgbiepfpcddgilmjphomafbedackp/third-party/codemirror/codemirror.css
异常信息:从客户端(:)中检测到有潜在危险的 Request.Path 值。 
[2018-07-19 15:41:36.2854] 
客户机IP:::1
错误地址:http://localhost:40620/plugins/images/admin/chrome-extension:/geojgbiepfpcddgilmjphomafbedackp/third-party/zeroclipboard/ZeroClipboard.js
异常信息:从客户端(:)中检测到有潜在危险的 Request.Path 值。 
[2018-07-19 15:41:36.2964] 
客户机IP:::1
错误地址:http://localhost:40620/plugins/images/admin/chrome-extension:/geojgbiepfpcddgilmjphomafbedackp/third-party/codemirror/codemirror.js
异常信息:从客户端(:)中检测到有潜在危险的 Request.Path 值。 
[2018-07-19 15:43:00.1623] 
客户机IP:::1
错误地址:http://localhost:40620/plugins/images/admin/chrome-extension:/geojgbiepfpcddgilmjphomafbedackp/themes/default/css/ueditor.css
异常信息:从客户端(:)中检测到有潜在危险的 Request.Path 值。 
[2018-07-19 15:43:00.1623] 
客户机IP:::1
错误地址:http://localhost:40620/plugins/images/admin/chrome-extension:/tools/upload_ajax.ashx?action=config&&noCache=1531986180073
异常信息:从客户端(:)中检测到有潜在危险的 Request.Path 值。 
[2018-07-19 15:43:00.2331] 
客户机IP:::1
错误地址:http://localhost:40620/plugins/images/admin/chrome-extension:/geojgbiepfpcddgilmjphomafbedackp/themes/iframe.css
异常信息:从客户端(:)中检测到有潜在危险的 Request.Path 值。 
[2018-07-19 15:43:00.2740] 
客户机IP:::1
错误地址:http://localhost:40620/plugins/images/admin/chrome-extension:/geojgbiepfpcddgilmjphomafbedackp/third-party/codemirror/codemirror.js
异常信息:从客户端(:)中检测到有潜在危险的 Request.Path 值。 
[2018-07-19 15:43:00.2740] 
客户机IP:::1
错误地址:http://localhost:40620/plugins/images/admin/chrome-extension:/geojgbiepfpcddgilmjphomafbedackp/third-party/zeroclipboard/ZeroClipboard.js
异常信息:从客户端(:)中检测到有潜在危险的 Request.Path 值。 
[2018-07-19 15:43:00.2740] 
客户机IP:::1
错误地址:http://localhost:40620/plugins/images/admin/chrome-extension:/geojgbiepfpcddgilmjphomafbedackp/third-party/codemirror/codemirror.css
异常信息:从客户端(:)中检测到有潜在危险的 Request.Path 值。 
[2018-07-19 15:43:14.2642] 
客户机IP:::1
错误地址:http://localhost:40620/plugins/images/admin/chrome-extension:/geojgbiepfpcddgilmjphomafbedackp/themes/default/css/ueditor.css
异常信息:从客户端(:)中检测到有潜在危险的 Request.Path 值。 
[2018-07-19 15:43:14.2771] 
客户机IP:::1
错误地址:http://localhost:40620/plugins/images/admin/chrome-extension:/tools/upload_ajax.ashx?action=config&&noCache=1531986194269
异常信息:从客户端(:)中检测到有潜在危险的 Request.Path 值。 
[2018-07-19 15:43:24.6925] 
客户机IP:::1
错误地址:http://localhost:40620/plugins/images/admin/chrome-extension:/geojgbiepfpcddgilmjphomafbedackp/themes/default/css/ueditor.css
异常信息:从客户端(:)中检测到有潜在危险的 Request.Path 值。 
[2018-07-19 15:43:24.7015] 
客户机IP:::1
错误地址:http://localhost:40620/plugins/images/admin/chrome-extension:/tools/upload_ajax.ashx?action=config&&noCache=1531986204695
异常信息:从客户端(:)中检测到有潜在危险的 Request.Path 值。 
[2018-07-19 15:43:24.7832] 
客户机IP:::1
错误地址:http://localhost:40620/plugins/images/admin/chrome-extension:/geojgbiepfpcddgilmjphomafbedackp/themes/iframe.css
异常信息:从客户端(:)中检测到有潜在危险的 Request.Path 值。 
[2018-07-19 15:43:24.9049] 
客户机IP:::1
错误地址:http://localhost:40620/plugins/images/admin/chrome-extension:/geojgbiepfpcddgilmjphomafbedackp/third-party/codemirror/codemirror.js
异常信息:从客户端(:)中检测到有潜在危险的 Request.Path 值。 
[2018-07-19 15:43:24.9049] 
客户机IP:::1
错误地址:http://localhost:40620/plugins/images/admin/chrome-extension:/geojgbiepfpcddgilmjphomafbedackp/third-party/codemirror/codemirror.css
异常信息:从客户端(:)中检测到有潜在危险的 Request.Path 值。 
[2018-07-19 15:43:24.9358] 
客户机IP:::1
错误地址:http://localhost:40620/plugins/images/admin/chrome-extension:/geojgbiepfpcddgilmjphomafbedackp/third-party/zeroclipboard/ZeroClipboard.js
异常信息:从客户端(:)中检测到有潜在危险的 Request.Path 值。 
[2018-07-19 15:43:26.9049] 
客户机IP:::1
错误地址:http://localhost:40620/plugins/images/admin/chrome-extension:/geojgbiepfpcddgilmjphomafbedackp/themes/default/css/ueditor.css
异常信息:从客户端(:)中检测到有潜在危险的 Request.Path 值。 
[2018-07-19 15:43:26.9218] 
客户机IP:::1
错误地址:http://localhost:40620/plugins/images/admin/chrome-extension:/tools/upload_ajax.ashx?action=config&&noCache=1531986206908
异常信息:从客户端(:)中检测到有潜在危险的 Request.Path 值。 
[2018-07-19 15:43:26.9767] 
客户机IP:::1
错误地址:http://localhost:40620/plugins/images/admin/chrome-extension:/geojgbiepfpcddgilmjphomafbedackp/themes/iframe.css
异常信息:从客户端(:)中检测到有潜在危险的 Request.Path 值。 
[2018-07-19 15:43:27.0595] 
客户机IP:::1
错误地址:http://localhost:40620/plugins/images/admin/chrome-extension:/geojgbiepfpcddgilmjphomafbedackp/third-party/codemirror/codemirror.js
异常信息:从客户端(:)中检测到有潜在危险的 Request.Path 值。 
[2018-07-19 15:43:27.0595] 
客户机IP:::1
错误地址:http://localhost:40620/plugins/images/admin/chrome-extension:/geojgbiepfpcddgilmjphomafbedackp/third-party/zeroclipboard/ZeroClipboard.js
异常信息:从客户端(:)中检测到有潜在危险的 Request.Path 值。 
[2018-07-19 15:43:27.0884] 
客户机IP:::1
错误地址:http://localhost:40620/plugins/images/admin/chrome-extension:/geojgbiepfpcddgilmjphomafbedackp/third-party/codemirror/codemirror.css
异常信息:从客户端(:)中检测到有潜在危险的 Request.Path 值。 
[2018-07-19 15:43:31.3707] 
客户机IP:::1
错误地址:http://localhost:40620/plugins/images/admin/chrome-extension:/geojgbiepfpcddgilmjphomafbedackp/themes/default/css/ueditor.css
异常信息:从客户端(:)中检测到有潜在危险的 Request.Path 值。 
[2018-07-19 15:43:31.3956] 
客户机IP:::1
错误地址:http://localhost:40620/plugins/images/admin/chrome-extension:/tools/upload_ajax.ashx?action=config&&noCache=1531986211373
异常信息:从客户端(:)中检测到有潜在危险的 Request.Path 值。 
[2018-07-19 18:03:43.7910] 
客户机IP:::1
错误地址:http://localhost:40620/plugins/images/admin/chrome-extension:/geojgbiepfpcddgilmjphomafbedackp/themes/default/css/ueditor.css
异常信息:从客户端(:)中检测到有潜在危险的 Request.Path 值。 
[2018-07-19 18:03:43.7910] 
客户机IP:::1
错误地址:http://localhost:40620/plugins/images/admin/chrome-extension:/tools/upload_ajax.ashx?action=config&&noCache=1531994623696
异常信息:从客户端(:)中检测到有潜在危险的 Request.Path 值。 
[2018-07-19 18:03:57.0770] 
客户机IP:::1
错误地址:http://localhost:40620/plugins/images/admin/chrome-extension:/geojgbiepfpcddgilmjphomafbedackp/themes/default/css/ueditor.css
异常信息:从客户端(:)中检测到有潜在危险的 Request.Path 值。 
[2018-07-19 18:03:57.0770] 
客户机IP:::1
错误地址:http://localhost:40620/plugins/images/admin/chrome-extension:/tools/upload_ajax.ashx?action=config&&noCache=1531994637080
异常信息:从客户端(:)中检测到有潜在危险的 Request.Path 值。 
[2018-07-19 18:04:12.9281] 
客户机IP:::1
错误地址:http://localhost:40620/plugins/images/admin/chrome-extension:/geojgbiepfpcddgilmjphomafbedackp/themes/default/css/ueditor.css
异常信息:从客户端(:)中检测到有潜在危险的 Request.Path 值。 
[2018-07-19 18:04:12.9281] 
客户机IP:::1
错误地址:http://localhost:40620/plugins/images/admin/chrome-extension:/tools/upload_ajax.ashx?action=config&&noCache=1531994652932
异常信息:从客户端(:)中检测到有潜在危险的 Request.Path 值。 
[2018-07-19 18:04:18.4574] 
客户机IP:::1
错误地址:http://localhost:40620/plugins/images/admin/chrome-extension:/geojgbiepfpcddgilmjphomafbedackp/themes/default/css/ueditor.css
异常信息:从客户端(:)中检测到有潜在危险的 Request.Path 值。 
[2018-07-19 18:04:18.4674] 
客户机IP:::1
错误地址:http://localhost:40620/plugins/images/admin/chrome-extension:/tools/upload_ajax.ashx?action=config&&noCache=1531994658465
异常信息:从客户端(:)中检测到有潜在危险的 Request.Path 值。 
[2018-07-19 18:04:18.5512] 
客户机IP:::1
错误地址:http://localhost:40620/plugins/images/admin/chrome-extension:/geojgbiepfpcddgilmjphomafbedackp/themes/iframe.css
异常信息:从客户端(:)中检测到有潜在危险的 Request.Path 值。 
[2018-07-19 18:04:18.5851] 
客户机IP:::1
错误地址:http://localhost:40620/plugins/images/admin/chrome-extension:/geojgbiepfpcddgilmjphomafbedackp/third-party/codemirror/codemirror.js
异常信息:从客户端(:)中检测到有潜在危险的 Request.Path 值。 
[2018-07-19 18:04:18.5851] 
客户机IP:::1
错误地址:http://localhost:40620/plugins/images/admin/chrome-extension:/geojgbiepfpcddgilmjphomafbedackp/third-party/codemirror/codemirror.css
异常信息:从客户端(:)中检测到有潜在危险的 Request.Path 值。 
[2018-07-19 18:04:18.5851] 
客户机IP:::1
错误地址:http://localhost:40620/plugins/images/admin/chrome-extension:/geojgbiepfpcddgilmjphomafbedackp/third-party/zeroclipboard/ZeroClipboard.js
异常信息:从客户端(:)中检测到有潜在危险的 Request.Path 值。 
[2018-07-19 18:04:25.7995] 
客户机IP:::1
错误地址:http://localhost:40620/plugins/images/admin/chrome-extension:/geojgbiepfpcddgilmjphomafbedackp/themes/default/css/ueditor.css
异常信息:从客户端(:)中检测到有潜在危险的 Request.Path 值。 
[2018-07-19 18:04:25.8075] 
客户机IP:::1
错误地址:http://localhost:40620/plugins/images/admin/chrome-extension:/tools/upload_ajax.ashx?action=config&&noCache=1531994665803
异常信息:从客户端(:)中检测到有潜在危险的 Request.Path 值。 
[2018-07-19 18:11:36.8400] 
客户机IP:::1
错误地址:http://localhost:40620/plugins/lable/admin/chrome-extension:/tools/upload_ajax.ashx?action=config&&noCache=1531995096751
异常信息:从客户端(:)中检测到有潜在危险的 Request.Path 值。 
[2018-07-19 18:11:36.8400] 
客户机IP:::1
错误地址:http://localhost:40620/plugins/lable/admin/chrome-extension:/geojgbiepfpcddgilmjphomafbedackp/themes/default/css/ueditor.css
异常信息:从客户端(:)中检测到有潜在危险的 Request.Path 值。 
[2018-07-19 18:11:36.9049] 
客户机IP:::1
错误地址:http://localhost:40620/plugins/lable/admin/chrome-extension:/geojgbiepfpcddgilmjphomafbedackp/themes/iframe.css
异常信息:从客户端(:)中检测到有潜在危险的 Request.Path 值。 
[2018-07-19 18:11:36.9208] 
客户机IP:::1
错误地址:http://localhost:40620/plugins/lable/admin/chrome-extension:/geojgbiepfpcddgilmjphomafbedackp/third-party/codemirror/codemirror.js
异常信息:从客户端(:)中检测到有潜在危险的 Request.Path 值。 
[2018-07-19 18:11:36.9208] 
客户机IP:::1
错误地址:http://localhost:40620/plugins/lable/admin/chrome-extension:/geojgbiepfpcddgilmjphomafbedackp/third-party/codemirror/codemirror.css
异常信息:从客户端(:)中检测到有潜在危险的 Request.Path 值。 
[2018-07-19 18:11:36.9318] 
客户机IP:::1
错误地址:http://localhost:40620/plugins/lable/admin/chrome-extension:/geojgbiepfpcddgilmjphomafbedackp/third-party/zeroclipboard/ZeroClipboard.js
异常信息:从客户端(:)中检测到有潜在危险的 Request.Path 值。 
[2018-07-19 18:11:53.5449] 
客户机IP:::1
错误地址:http://localhost:40620/plugins/lable/admin/chrome-extension:/geojgbiepfpcddgilmjphomafbedackp/themes/default/css/ueditor.css
异常信息:从客户端(:)中检测到有潜在危险的 Request.Path 值。 
[2018-07-19 18:11:53.5449] 
客户机IP:::1
错误地址:http://localhost:40620/plugins/lable/admin/chrome-extension:/tools/upload_ajax.ashx?action=config&&noCache=1531995113546
异常信息:从客户端(:)中检测到有潜在危险的 Request.Path 值。 
[2018-07-19 18:17:02.4810] 
客户机IP:::1
错误地址:http://localhost:40620/plugins/images/admin/chrome-extension:/geojgbiepfpcddgilmjphomafbedackp/themes/default/css/ueditor.css
异常信息:从客户端(:)中检测到有潜在危险的 Request.Path 值。 
[2018-07-19 18:17:02.4920] 
客户机IP:::1
错误地址:http://localhost:40620/plugins/images/admin/chrome-extension:/tools/upload_ajax.ashx?action=config&&noCache=1531995422488
异常信息:从客户端(:)中检测到有潜在危险的 Request.Path 值。 
[2018-07-19 18:17:02.5808] 
客户机IP:::1
错误地址:http://localhost:40620/plugins/images/admin/chrome-extension:/geojgbiepfpcddgilmjphomafbedackp/themes/iframe.css
异常信息:从客户端(:)中检测到有潜在危险的 Request.Path 值。 
[2018-07-19 18:17:02.6117] 
客户机IP:::1
错误地址:http://localhost:40620/plugins/images/admin/chrome-extension:/geojgbiepfpcddgilmjphomafbedackp/third-party/codemirror/codemirror.css
异常信息:从客户端(:)中检测到有潜在危险的 Request.Path 值。 
[2018-07-19 18:17:02.6117] 
客户机IP:::1
错误地址:http://localhost:40620/plugins/images/admin/chrome-extension:/geojgbiepfpcddgilmjphomafbedackp/third-party/codemirror/codemirror.js
异常信息:从客户端(:)中检测到有潜在危险的 Request.Path 值。 
[2018-07-19 18:17:02.6117] 
客户机IP:::1
错误地址:http://localhost:40620/plugins/images/admin/chrome-extension:/geojgbiepfpcddgilmjphomafbedackp/third-party/zeroclipboard/ZeroClipboard.js
异常信息:从客户端(:)中检测到有潜在危险的 Request.Path 值。 
[2018-07-19 18:34:46.1038] 
客户机IP:::1
错误地址:http://localhost:40620/plugins/images/admin/images_edit.aspx?action=Edit&id=2&backurl=
异常信息:f:\demo\forcomp\DTcms.Web\plugins\images\admin\images_edit.aspx(88): error CS0103: 当前上下文中不存在名称“class_id” 
[2018-07-19 18:35:00.5057] 
客户机IP:::1
错误地址:http://localhost:40620/plugins/images/admin/chrome-extension:/geojgbiepfpcddgilmjphomafbedackp/themes/default/css/ueditor.css
异常信息:从客户端(:)中检测到有潜在危险的 Request.Path 值。 
[2018-07-19 18:35:00.5057] 
客户机IP:::1
错误地址:http://localhost:40620/plugins/images/admin/chrome-extension:/tools/upload_ajax.ashx?action=config&&noCache=1531996500421
异常信息:从客户端(:)中检测到有潜在危险的 Request.Path 值。 
[2018-07-19 18:35:00.5735] 
客户机IP:::1
错误地址:http://localhost:40620/plugins/images/admin/chrome-extension:/geojgbiepfpcddgilmjphomafbedackp/themes/iframe.css
异常信息:从客户端(:)中检测到有潜在危险的 Request.Path 值。 
[2018-07-19 18:35:00.5965] 
客户机IP:::1
错误地址:http://localhost:40620/plugins/images/admin/chrome-extension:/geojgbiepfpcddgilmjphomafbedackp/third-party/codemirror/codemirror.js
异常信息:从客户端(:)中检测到有潜在危险的 Request.Path 值。 
[2018-07-19 18:35:00.5965] 
客户机IP:::1
错误地址:http://localhost:40620/plugins/images/admin/chrome-extension:/geojgbiepfpcddgilmjphomafbedackp/third-party/codemirror/codemirror.css
异常信息:从客户端(:)中检测到有潜在危险的 Request.Path 值。 
[2018-07-19 18:35:00.6034] 
客户机IP:::1
错误地址:http://localhost:40620/plugins/images/admin/chrome-extension:/geojgbiepfpcddgilmjphomafbedackp/third-party/zeroclipboard/ZeroClipboard.js
异常信息:从客户端(:)中检测到有潜在危险的 Request.Path 值。 
[2018-07-19 18:37:13.8958] 
客户机IP:::1
错误地址:http://localhost:40620/plugins/images/admin/chrome-extension:/geojgbiepfpcddgilmjphomafbedackp/themes/default/css/ueditor.css
异常信息:从客户端(:)中检测到有潜在危险的 Request.Path 值。 
[2018-07-19 18:37:13.9117] 
客户机IP:::1
错误地址:http://localhost:40620/plugins/images/admin/chrome-extension:/tools/upload_ajax.ashx?action=config&&noCache=1531996633909
异常信息:从客户端(:)中检测到有潜在危险的 Request.Path 值。 
[2018-07-19 18:37:13.9881] 
客户机IP:::1
错误地址:http://localhost:40620/plugins/images/admin/chrome-extension:/geojgbiepfpcddgilmjphomafbedackp/themes/iframe.css
异常信息:从客户端(:)中检测到有潜在危险的 Request.Path 值。 
[2018-07-19 18:37:14.0040] 
客户机IP:::1
错误地址:http://localhost:40620/plugins/images/admin/chrome-extension:/geojgbiepfpcddgilmjphomafbedackp/third-party/codemirror/codemirror.js
异常信息:从客户端(:)中检测到有潜在危险的 Request.Path 值。 
[2018-07-19 18:37:14.0120] 
客户机IP:::1
错误地址:http://localhost:40620/plugins/images/admin/chrome-extension:/geojgbiepfpcddgilmjphomafbedackp/third-party/codemirror/codemirror.css
异常信息:从客户端(:)中检测到有潜在危险的 Request.Path 值。 
[2018-07-19 18:37:14.0120] 
客户机IP:::1
错误地址:http://localhost:40620/plugins/images/admin/chrome-extension:/geojgbiepfpcddgilmjphomafbedackp/third-party/zeroclipboard/ZeroClipboard.js
异常信息:从客户端(:)中检测到有潜在危险的 Request.Path 值。 
[2018-07-19 18:37:16.3806] 
客户机IP:::1
错误地址:http://localhost:40620/plugins/images/admin/chrome-extension:/geojgbiepfpcddgilmjphomafbedackp/themes/default/css/ueditor.css
异常信息:从客户端(:)中检测到有潜在危险的 Request.Path 值。 
[2018-07-19 18:37:16.3806] 
客户机IP:::1
错误地址:http://localhost:40620/plugins/images/admin/chrome-extension:/tools/upload_ajax.ashx?action=config&&noCache=1531996636390
异常信息:从客户端(:)中检测到有潜在危险的 Request.Path 值。 
[2018-07-19 18:44:23.4917] 
客户机IP:::1
错误地址:http://localhost:40620/plugins/images/admin/chrome-extension:/geojgbiepfpcddgilmjphomafbedackp/themes/default/css/ueditor.css
异常信息:从客户端(:)中检测到有潜在危险的 Request.Path 值。 
[2018-07-19 18:44:23.4917] 
客户机IP:::1
错误地址:http://localhost:40620/plugins/images/admin/chrome-extension:/tools/upload_ajax.ashx?action=config&&noCache=1531997063409
异常信息:从客户端(:)中检测到有潜在危险的 Request.Path 值。 
[2018-07-19 18:44:23.5525] 
客户机IP:::1
错误地址:http://localhost:40620/plugins/images/admin/chrome-extension:/geojgbiepfpcddgilmjphomafbedackp/themes/iframe.css
异常信息:从客户端(:)中检测到有潜在危险的 Request.Path 值。 
[2018-07-19 18:44:23.5794] 
客户机IP:::1
错误地址:http://localhost:40620/plugins/images/admin/chrome-extension:/geojgbiepfpcddgilmjphomafbedackp/third-party/codemirror/codemirror.js
异常信息:从客户端(:)中检测到有潜在危险的 Request.Path 值。 
[2018-07-19 18:44:23.5794] 
客户机IP:::1
错误地址:http://localhost:40620/plugins/images/admin/chrome-extension:/geojgbiepfpcddgilmjphomafbedackp/third-party/codemirror/codemirror.css
异常信息:从客户端(:)中检测到有潜在危险的 Request.Path 值。 
[2018-07-19 18:44:23.5884] 
客户机IP:::1
错误地址:http://localhost:40620/plugins/images/admin/chrome-extension:/geojgbiepfpcddgilmjphomafbedackp/third-party/zeroclipboard/ZeroClipboard.js
异常信息:从客户端(:)中检测到有潜在危险的 Request.Path 值。 
[2018-07-19 18:44:25.1974] 
客户机IP:::1
错误地址:http://localhost:40620/plugins/images/admin/chrome-extension:/geojgbiepfpcddgilmjphomafbedackp/themes/default/css/ueditor.css
异常信息:从客户端(:)中检测到有潜在危险的 Request.Path 值。 
[2018-07-19 18:44:25.1974] 
客户机IP:::1
错误地址:http://localhost:40620/plugins/images/admin/chrome-extension:/tools/upload_ajax.ashx?action=config&&noCache=1531997065204
异常信息:从客户端(:)中检测到有潜在危险的 Request.Path 值。 
[2018-07-19 18:44:47.3798] 
客户机IP:::1
错误地址:http://localhost:40620/plugins/images/admin/chrome-extension:/geojgbiepfpcddgilmjphomafbedackp/themes/default/css/ueditor.css
异常信息:从客户端(:)中检测到有潜在危险的 Request.Path 值。 
[2018-07-19 18:44:47.3898] 
客户机IP:::1
错误地址:http://localhost:40620/plugins/images/admin/chrome-extension:/tools/upload_ajax.ashx?action=config&&noCache=1531997087387
异常信息:从客户端(:)中检测到有潜在危险的 Request.Path 值。 
[2018-07-19 18:44:47.4626] 
客户机IP:::1
错误地址:http://localhost:40620/plugins/images/admin/chrome-extension:/geojgbiepfpcddgilmjphomafbedackp/themes/iframe.css
异常信息:从客户端(:)中检测到有潜在危险的 Request.Path 值。 
[2018-07-19 18:44:47.4955] 
客户机IP:::1
错误地址:http://localhost:40620/plugins/images/admin/chrome-extension:/geojgbiepfpcddgilmjphomafbedackp/third-party/codemirror/codemirror.js
异常信息:从客户端(:)中检测到有潜在危险的 Request.Path 值。 
[2018-07-19 18:44:47.4955] 
客户机IP:::1
错误地址:http://localhost:40620/plugins/images/admin/chrome-extension:/geojgbiepfpcddgilmjphomafbedackp/third-party/codemirror/codemirror.css
异常信息:从客户端(:)中检测到有潜在危险的 Request.Path 值。 
[2018-07-19 18:44:47.4955] 
客户机IP:::1
错误地址:http://localhost:40620/plugins/images/admin/chrome-extension:/geojgbiepfpcddgilmjphomafbedackp/third-party/zeroclipboard/ZeroClipboard.js
异常信息:从客户端(:)中检测到有潜在危险的 Request.Path 值。 
[2018-07-19 18:44:49.6712] 
客户机IP:::1
错误地址:http://localhost:40620/plugins/images/admin/chrome-extension:/geojgbiepfpcddgilmjphomafbedackp/themes/default/css/ueditor.css
异常信息:从客户端(:)中检测到有潜在危险的 Request.Path 值。 
[2018-07-19 18:44:49.6812] 
客户机IP:::1
错误地址:http://localhost:40620/plugins/images/admin/chrome-extension:/tools/upload_ajax.ashx?action=config&&noCache=1531997089678
异常信息:从客户端(:)中检测到有潜在危险的 Request.Path 值。 
