[2016-11-26 16:46:40.6592] 
客户机IP:::1
错误地址:http://localhost:40608/favicon.ico
异常信息:文件不存在。 
[2016-11-26 16:46:40.6592] 
客户机IP:::1
错误地址:http://localhost:40608/
异常信息:文件不存在。 
[2016-11-26 16:46:41.9993] 
客户机IP:::1
错误地址:http://localhost:40608/admin/
异常信息:文件不存在。 
[2016-11-26 16:46:53.8150] 
客户机IP:::1
错误地址:http://localhost:40608/upload/201611/01/201611012245258767.png
异常信息:文件不存在。 
[2016-11-26 16:47:00.0863] 
客户机IP:::1
错误地址:http://localhost:40608/upload/201611/01/201611012306355443.png
异常信息:文件不存在。 
[2016-11-26 16:47:00.2113] 
客户机IP:::1
错误地址:http://localhost:40608/upload/201611/01/201611012306355443.png
异常信息:文件不存在。 
[2016-11-26 16:47:03.0655] 
客户机IP:::1
错误地址:http://localhost:40608/upload/201611/01/201611012245258767.png
异常信息:文件不存在。 
