[2018-06-14 16:51:49.0026] 
客户机IP:::1
错误地址:http://localhost:40620/admin/news/chrome-extension:/geojgbiepfpcddgilmjphomafbedackp/themes/default/css/ueditor.css
异常信息:从客户端(:)中检测到有潜在危险的 Request.Path 值。 
[2018-06-14 16:51:49.0026] 
客户机IP:::1
错误地址:http://localhost:40620/admin/news/chrome-extension:/tools/upload_ajax.ashx?action=config&&noCache=1528966308903
异常信息:从客户端(:)中检测到有潜在危险的 Request.Path 值。 
[2018-06-14 16:51:49.0367] 
客户机IP:::1
错误地址:http://localhost:40620/admin/news/chrome-extension:/geojgbiepfpcddgilmjphomafbedackp/themes/iframe.css
异常信息:从客户端(:)中检测到有潜在危险的 Request.Path 值。 
[2018-06-14 16:51:49.0504] 
客户机IP:::1
错误地址:http://localhost:40620/admin/news/chrome-extension:/geojgbiepfpcddgilmjphomafbedackp/third-party/codemirror/codemirror.js
异常信息:从客户端(:)中检测到有潜在危险的 Request.Path 值。 
[2018-06-14 16:51:49.0504] 
客户机IP:::1
错误地址:http://localhost:40620/admin/news/chrome-extension:/geojgbiepfpcddgilmjphomafbedackp/third-party/codemirror/codemirror.css
异常信息:从客户端(:)中检测到有潜在危险的 Request.Path 值。 
[2018-06-14 16:51:49.0504] 
客户机IP:::1
错误地址:http://localhost:40620/admin/news/chrome-extension:/geojgbiepfpcddgilmjphomafbedackp/third-party/zeroclipboard/ZeroClipboard.js
异常信息:从客户端(:)中检测到有潜在危险的 Request.Path 值。 
[2018-06-14 16:51:52.3931] 
客户机IP:::1
错误地址:http://localhost:40620/admin/news/chrome-extension:/geojgbiepfpcddgilmjphomafbedackp/themes/default/css/ueditor.css
异常信息:从客户端(:)中检测到有潜在危险的 Request.Path 值。 
[2018-06-14 16:51:52.3931] 
客户机IP:::1
错误地址:http://localhost:40620/admin/news/chrome-extension:/tools/upload_ajax.ashx?action=config&&noCache=1528966312395
异常信息:从客户端(:)中检测到有潜在危险的 Request.Path 值。 
[2018-06-14 16:51:52.4322] 
客户机IP:::1
错误地址:http://localhost:40620/admin/news/chrome-extension:/geojgbiepfpcddgilmjphomafbedackp/themes/iframe.css
异常信息:从客户端(:)中检测到有潜在危险的 Request.Path 值。 
[2018-06-14 16:51:52.4458] 
客户机IP:::1
错误地址:http://localhost:40620/admin/news/chrome-extension:/geojgbiepfpcddgilmjphomafbedackp/third-party/codemirror/codemirror.js
异常信息:从客户端(:)中检测到有潜在危险的 Request.Path 值。 
[2018-06-14 16:51:52.4458] 
客户机IP:::1
错误地址:http://localhost:40620/admin/news/chrome-extension:/geojgbiepfpcddgilmjphomafbedackp/third-party/codemirror/codemirror.css
异常信息:从客户端(:)中检测到有潜在危险的 Request.Path 值。 
[2018-06-14 16:51:52.4458] 
客户机IP:::1
错误地址:http://localhost:40620/admin/news/chrome-extension:/geojgbiepfpcddgilmjphomafbedackp/third-party/zeroclipboard/ZeroClipboard.js
异常信息:从客户端(:)中检测到有潜在危险的 Request.Path 值。 
[2018-06-14 16:51:53.2414] 
客户机IP:::1
错误地址:http://localhost:40620/admin/news/chrome-extension:/geojgbiepfpcddgilmjphomafbedackp/themes/default/css/ueditor.css
异常信息:从客户端(:)中检测到有潜在危险的 Request.Path 值。 
[2018-06-14 16:51:53.2414] 
客户机IP:::1
错误地址:http://localhost:40620/admin/news/chrome-extension:/tools/upload_ajax.ashx?action=config&&noCache=1528966313243
异常信息:从客户端(:)中检测到有潜在危险的 Request.Path 值。 
[2018-06-14 16:51:53.2736] 
客户机IP:::1
错误地址:http://localhost:40620/admin/news/chrome-extension:/geojgbiepfpcddgilmjphomafbedackp/themes/iframe.css
异常信息:从客户端(:)中检测到有潜在危险的 Request.Path 值。 
[2018-06-14 16:51:53.2902] 
客户机IP:::1
错误地址:http://localhost:40620/admin/news/chrome-extension:/geojgbiepfpcddgilmjphomafbedackp/third-party/codemirror/codemirror.js
异常信息:从客户端(:)中检测到有潜在危险的 Request.Path 值。 
[2018-06-14 16:51:53.2902] 
客户机IP:::1
错误地址:http://localhost:40620/admin/news/chrome-extension:/geojgbiepfpcddgilmjphomafbedackp/third-party/codemirror/codemirror.css
异常信息:从客户端(:)中检测到有潜在危险的 Request.Path 值。 
[2018-06-14 16:51:53.2902] 
客户机IP:::1
错误地址:http://localhost:40620/admin/news/chrome-extension:/geojgbiepfpcddgilmjphomafbedackp/third-party/zeroclipboard/ZeroClipboard.js
异常信息:从客户端(:)中检测到有潜在危险的 Request.Path 值。 
[2018-06-14 16:51:53.9715] 
客户机IP:::1
错误地址:http://localhost:40620/admin/news/chrome-extension:/geojgbiepfpcddgilmjphomafbedackp/themes/default/css/ueditor.css
异常信息:从客户端(:)中检测到有潜在危险的 Request.Path 值。 
[2018-06-14 16:51:53.9715] 
客户机IP:::1
错误地址:http://localhost:40620/admin/news/chrome-extension:/tools/upload_ajax.ashx?action=config&&noCache=1528966313974
异常信息:从客户端(:)中检测到有潜在危险的 Request.Path 值。 
[2018-06-14 16:51:54.0076] 
客户机IP:::1
错误地址:http://localhost:40620/admin/news/chrome-extension:/geojgbiepfpcddgilmjphomafbedackp/themes/iframe.css
异常信息:从客户端(:)中检测到有潜在危险的 Request.Path 值。 
[2018-06-14 16:51:54.0193] 
客户机IP:::1
错误地址:http://localhost:40620/admin/news/chrome-extension:/geojgbiepfpcddgilmjphomafbedackp/third-party/codemirror/codemirror.js
异常信息:从客户端(:)中检测到有潜在危险的 Request.Path 值。 
[2018-06-14 16:51:54.0193] 
客户机IP:::1
错误地址:http://localhost:40620/admin/news/chrome-extension:/geojgbiepfpcddgilmjphomafbedackp/third-party/codemirror/codemirror.css
异常信息:从客户端(:)中检测到有潜在危险的 Request.Path 值。 
[2018-06-14 16:51:54.0193] 
客户机IP:::1
错误地址:http://localhost:40620/admin/news/chrome-extension:/geojgbiepfpcddgilmjphomafbedackp/third-party/zeroclipboard/ZeroClipboard.js
异常信息:从客户端(:)中检测到有潜在危险的 Request.Path 值。 
[2018-06-14 16:51:58.5282] 
客户机IP:::1
错误地址:http://localhost:40620/admin/news/chrome-extension:/geojgbiepfpcddgilmjphomafbedackp/themes/default/css/ueditor.css
异常信息:从客户端(:)中检测到有潜在危险的 Request.Path 值。 
[2018-06-14 16:51:58.5282] 
客户机IP:::1
错误地址:http://localhost:40620/admin/news/chrome-extension:/geojgbiepfpcddgilmjphomafbedackp/third-party/codemirror/codemirror.css
异常信息:从客户端(:)中检测到有潜在危险的 Request.Path 值。 
[2018-06-14 16:51:58.5282] 
客户机IP:::1
错误地址:http://localhost:40620/admin/news/chrome-extension:/geojgbiepfpcddgilmjphomafbedackp/themes/iframe.css
异常信息:从客户端(:)中检测到有潜在危险的 Request.Path 值。 
[2018-06-14 16:52:46.6736] 
客户机IP:::1
错误地址:http://localhost:40620/admin/news/chrome-extension:/tools/upload_ajax.ashx?action=config&&noCache=1528966366671
异常信息:从客户端(:)中检测到有潜在危险的 Request.Path 值。 
[2018-06-14 16:52:46.8034] 
客户机IP:::1
错误地址:http://localhost:40620/admin/news/chrome-extension:/geojgbiepfpcddgilmjphomafbedackp/third-party/codemirror/codemirror.js
异常信息:从客户端(:)中检测到有潜在危险的 Request.Path 值。 
[2018-06-14 16:52:46.8034] 
客户机IP:::1
错误地址:http://localhost:40620/admin/news/chrome-extension:/geojgbiepfpcddgilmjphomafbedackp/third-party/codemirror/codemirror.css
异常信息:从客户端(:)中检测到有潜在危险的 Request.Path 值。 
[2018-06-14 16:52:46.8034] 
客户机IP:::1
错误地址:http://localhost:40620/admin/news/chrome-extension:/geojgbiepfpcddgilmjphomafbedackp/third-party/zeroclipboard/ZeroClipboard.js
异常信息:从客户端(:)中检测到有潜在危险的 Request.Path 值。 
